<?xml version="1.0" encoding="UTF-8"?>
<!-- Generated by org.testng.reporters.JUnitXMLReporter -->
<testsuite hostname="LAPTOP-GI42MEQD" ignored="0" name="ChromeTest" tests="4" failures="0" timestamp="26 Oct 2020 09:33:22 GMT" time="195.336" errors="0">
  <testcase name="openSearchPage" time="0.016" classname="com.wipro.tests.VerifyHyperLinks"/>
  <testcase name="searchIndia" time="1.839" classname="com.wipro.tests.VerifyHyperLinks"/>
  <testcase name="countHyperLinksDisplayed" time="0.056" classname="com.wipro.tests.VerifyHyperLinks"/>
  <testcase name="verifyNoBrokenLinks" time="181.733" classname="com.wipro.tests.VerifyHyperLinks"/>
</testsuite> <!-- ChromeTest -->
