<?xml version="1.0" encoding="UTF-8"?>
<!-- Generated by org.testng.reporters.JUnitXMLReporter -->
<testsuite hostname="LAPTOP-GI42MEQD" ignored="0" name="FireFoxTest" tests="4" failures="0" timestamp="26 Oct 2020 09:36:46 GMT" time="203.868" errors="0">
  <testcase name="openSearchPage" time="0.008" classname="com.wipro.tests.VerifyHyperLinks"/>
  <testcase name="searchIndia" time="2.605" classname="com.wipro.tests.VerifyHyperLinks"/>
  <testcase name="countHyperLinksDisplayed" time="0.08" classname="com.wipro.tests.VerifyHyperLinks"/>
  <testcase name="verifyNoBrokenLinks" time="195.089" classname="com.wipro.tests.VerifyHyperLinks"/>
</testsuite> <!-- FireFoxTest -->
